mode: count
github.com/sparhokm/go-course-ms-chat-server/cmd/grpc_server/main.go:10.13,14.16 3 0
github.com/sparhokm/go-course-ms-chat-server/cmd/grpc_server/main.go:14.16,16.3 1 0
github.com/sparhokm/go-course-ms-chat-server/cmd/grpc_server/main.go:18.2,19.16 2 0
github.com/sparhokm/go-course-ms-chat-server/cmd/grpc_server/main.go:19.16,21.3 1 0
github.com/sparhokm/go-course-ms-chat-server/internal/api/chat/create.go:9.99,11.16 2 0
github.com/sparhokm/go-course-ms-chat-server/internal/api/chat/create.go:11.16,13.3 1 0
github.com/sparhokm/go-course-ms-chat-server/internal/api/chat/create.go:15.2,17.8 1 0
github.com/sparhokm/go-course-ms-chat-server/internal/api/chat/delete.go:11.98,13.16 2 0
github.com/sparhokm/go-course-ms-chat-server/internal/api/chat/delete.go:13.16,15.3 1 0
github.com/sparhokm/go-course-ms-chat-server/internal/api/chat/delete.go:17.2,17.30 1 0
github.com/sparhokm/go-course-ms-chat-server/internal/api/chat/sendMessage.go:12.108,17.2 3 0
github.com/sparhokm/go-course-ms-chat-server/internal/api/chat/service.go:13.73,17.2 1 0
github.com/sparhokm/go-course-ms-chat-server/internal/closer/closer.go:13.29,15.2 1 0
github.com/sparhokm/go-course-ms-chat-server/internal/closer/closer.go:18.13,20.2 1 0
github.com/sparhokm/go-course-ms-chat-server/internal/closer/closer.go:23.17,25.2 1 0
github.com/sparhokm/go-course-ms-chat-server/internal/closer/closer.go:36.36,38.18 2 0
github.com/sparhokm/go-course-ms-chat-server/internal/closer/closer.go:38.18,39.13 1 0
github.com/sparhokm/go-course-ms-chat-server/internal/closer/closer.go:39.13,45.4 5 0
github.com/sparhokm/go-course-ms-chat-server/internal/closer/closer.go:47.2,47.10 1 0
github.com/sparhokm/go-course-ms-chat-server/internal/closer/closer.go:51.41,55.2 3 0
github.com/sparhokm/go-course-ms-chat-server/internal/closer/closer.go:58.25,60.2 1 0
github.com/sparhokm/go-course-ms-chat-server/internal/closer/closer.go:63.29,64.19 1 0
github.com/sparhokm/go-course-ms-chat-server/internal/closer/closer.go:64.19,74.27 7 0
github.com/sparhokm/go-course-ms-chat-server/internal/closer/closer.go:74.27,75.28 1 0
github.com/sparhokm/go-course-ms-chat-server/internal/closer/closer.go:75.28,77.5 1 0
github.com/sparhokm/go-course-ms-chat-server/internal/closer/closer.go:80.3,80.34 1 0
github.com/sparhokm/go-course-ms-chat-server/internal/closer/closer.go:80.34,81.33 1 0
github.com/sparhokm/go-course-ms-chat-server/internal/closer/closer.go:81.33,83.5 1 0
github.com/sparhokm/go-course-ms-chat-server/internal/repository/chat/repository.go:23.40,25.2 1 0
github.com/sparhokm/go-course-ms-chat-server/internal/repository/chat/repository.go:27.79,35.16 3 0
github.com/sparhokm/go-course-ms-chat-server/internal/repository/chat/repository.go:35.16,37.3 1 0
github.com/sparhokm/go-course-ms-chat-server/internal/repository/chat/repository.go:38.2,40.16 3 0
github.com/sparhokm/go-course-ms-chat-server/internal/repository/chat/repository.go:40.16,42.3 1 0
github.com/sparhokm/go-course-ms-chat-server/internal/repository/chat/repository.go:44.2,44.16 1 0
github.com/sparhokm/go-course-ms-chat-server/internal/repository/chat/repository.go:47.60,53.16 3 0
github.com/sparhokm/go-course-ms-chat-server/internal/repository/chat/repository.go:53.16,55.3 1 0
github.com/sparhokm/go-course-ms-chat-server/internal/repository/chat/repository.go:57.2,58.16 2 0
github.com/sparhokm/go-course-ms-chat-server/internal/repository/chat/repository.go:58.16,60.3 1 0
github.com/sparhokm/go-course-ms-chat-server/internal/repository/chat/repository.go:62.2,62.12 1 0
github.com/sparhokm/go-course-ms-chat-server/internal/service/chat/create.go:7.79,9.16 2 0
github.com/sparhokm/go-course-ms-chat-server/internal/service/chat/create.go:9.16,11.3 1 0
github.com/sparhokm/go-course-ms-chat-server/internal/service/chat/create.go:13.2,13.16 1 0
github.com/sparhokm/go-course-ms-chat-server/internal/service/chat/delete.go:7.60,9.2 1 0
github.com/sparhokm/go-course-ms-chat-server/internal/service/chat/service.go:17.23,22.2 1 0
github.com/sparhokm/go-course-ms-chat-server/internal/app/app.go:22.48,26.16 3 0
github.com/sparhokm/go-course-ms-chat-server/internal/app/app.go:26.16,28.3 1 0
github.com/sparhokm/go-course-ms-chat-server/internal/app/app.go:30.2,30.15 1 0
github.com/sparhokm/go-course-ms-chat-server/internal/app/app.go:33.27,34.15 1 0
github.com/sparhokm/go-course-ms-chat-server/internal/app/app.go:34.15,37.3 2 0
github.com/sparhokm/go-course-ms-chat-server/internal/app/app.go:39.2,39.26 1 0
github.com/sparhokm/go-course-ms-chat-server/internal/app/app.go:42.51,47.2 3 0
github.com/sparhokm/go-course-ms-chat-server/internal/app/app.go:49.51,55.2 3 0
github.com/sparhokm/go-course-ms-chat-server/internal/app/app.go:57.37,61.16 3 0
github.com/sparhokm/go-course-ms-chat-server/internal/app/app.go:61.16,63.3 1 0
github.com/sparhokm/go-course-ms-chat-server/internal/app/app.go:65.2,66.16 2 0
github.com/sparhokm/go-course-ms-chat-server/internal/app/app.go:66.16,68.3 1 0
github.com/sparhokm/go-course-ms-chat-server/internal/app/app.go:70.2,70.12 1 0
github.com/sparhokm/go-course-ms-chat-server/internal/app/service_provider.go:34.65,36.2 1 0
github.com/sparhokm/go-course-ms-chat-server/internal/app/service_provider.go:38.67,39.23 1 0
github.com/sparhokm/go-course-ms-chat-server/internal/app/service_provider.go:39.23,41.17 2 0
github.com/sparhokm/go-course-ms-chat-server/internal/app/service_provider.go:41.17,43.4 1 0
github.com/sparhokm/go-course-ms-chat-server/internal/app/service_provider.go:45.3,47.17 3 0
github.com/sparhokm/go-course-ms-chat-server/internal/app/service_provider.go:47.17,49.4 1 0
github.com/sparhokm/go-course-ms-chat-server/internal/app/service_provider.go:50.3,52.18 2 0
github.com/sparhokm/go-course-ms-chat-server/internal/app/service_provider.go:55.2,55.19 1 0
github.com/sparhokm/go-course-ms-chat-server/internal/app/service_provider.go:58.71,59.24 1 0
github.com/sparhokm/go-course-ms-chat-server/internal/app/service_provider.go:59.24,61.3 1 0
github.com/sparhokm/go-course-ms-chat-server/internal/app/service_provider.go:63.2,63.20 1 0
github.com/sparhokm/go-course-ms-chat-server/internal/app/service_provider.go:66.89,67.29 1 0
github.com/sparhokm/go-course-ms-chat-server/internal/app/service_provider.go:67.29,69.3 1 0
github.com/sparhokm/go-course-ms-chat-server/internal/app/service_provider.go:71.2,71.25 1 0
github.com/sparhokm/go-course-ms-chat-server/internal/app/service_provider.go:74.80,75.26 1 0
github.com/sparhokm/go-course-ms-chat-server/internal/app/service_provider.go:75.26,80.3 1 0
github.com/sparhokm/go-course-ms-chat-server/internal/app/service_provider.go:82.2,82.22 1 0
github.com/sparhokm/go-course-ms-chat-server/internal/app/service_provider.go:85.78,86.23 1 0
github.com/sparhokm/go-course-ms-chat-server/internal/app/service_provider.go:86.23,88.3 1 0
github.com/sparhokm/go-course-ms-chat-server/internal/app/service_provider.go:90.2,90.19 1 0
github.com/sparhokm/go-course-ms-chat-server/internal/app/service_provider.go:93.58,95.2 1 0
github.com/sparhokm/go-course-ms-chat-server/cmd/grpc_server/main.go:10.13,14.16 3 0
github.com/sparhokm/go-course-ms-chat-server/cmd/grpc_server/main.go:14.16,16.3 1 0
github.com/sparhokm/go-course-ms-chat-server/cmd/grpc_server/main.go:18.2,19.16 2 0
github.com/sparhokm/go-course-ms-chat-server/cmd/grpc_server/main.go:19.16,21.3 1 0
github.com/sparhokm/go-course-ms-chat-server/internal/api/chat/create.go:9.99,11.16 2 10
github.com/sparhokm/go-course-ms-chat-server/internal/api/chat/create.go:11.16,13.3 1 5
github.com/sparhokm/go-course-ms-chat-server/internal/api/chat/create.go:15.2,17.8 1 5
github.com/sparhokm/go-course-ms-chat-server/internal/api/chat/delete.go:11.98,13.16 2 10
github.com/sparhokm/go-course-ms-chat-server/internal/api/chat/delete.go:13.16,15.3 1 5
github.com/sparhokm/go-course-ms-chat-server/internal/api/chat/delete.go:17.2,17.30 1 5
github.com/sparhokm/go-course-ms-chat-server/internal/api/chat/sendMessage.go:12.108,17.2 3 0
github.com/sparhokm/go-course-ms-chat-server/internal/api/chat/service.go:13.73,17.2 1 20
github.com/sparhokm/go-course-ms-chat-server/internal/app/app.go:22.48,26.16 3 0
github.com/sparhokm/go-course-ms-chat-server/internal/app/app.go:26.16,28.3 1 0
github.com/sparhokm/go-course-ms-chat-server/internal/app/app.go:30.2,30.15 1 0
github.com/sparhokm/go-course-ms-chat-server/internal/app/app.go:33.27,34.15 1 0
github.com/sparhokm/go-course-ms-chat-server/internal/app/app.go:34.15,37.3 2 0
github.com/sparhokm/go-course-ms-chat-server/internal/app/app.go:39.2,39.26 1 0
github.com/sparhokm/go-course-ms-chat-server/internal/app/app.go:42.51,47.2 3 0
github.com/sparhokm/go-course-ms-chat-server/internal/app/app.go:49.51,55.2 3 0
github.com/sparhokm/go-course-ms-chat-server/internal/app/app.go:57.37,61.16 3 0
github.com/sparhokm/go-course-ms-chat-server/internal/app/app.go:61.16,63.3 1 0
github.com/sparhokm/go-course-ms-chat-server/internal/app/app.go:65.2,66.16 2 0
github.com/sparhokm/go-course-ms-chat-server/internal/app/app.go:66.16,68.3 1 0
github.com/sparhokm/go-course-ms-chat-server/internal/app/app.go:70.2,70.12 1 0
github.com/sparhokm/go-course-ms-chat-server/internal/app/service_provider.go:34.65,36.2 1 0
github.com/sparhokm/go-course-ms-chat-server/internal/app/service_provider.go:38.67,39.23 1 0
github.com/sparhokm/go-course-ms-chat-server/internal/app/service_provider.go:39.23,41.17 2 0
github.com/sparhokm/go-course-ms-chat-server/internal/app/service_provider.go:41.17,43.4 1 0
github.com/sparhokm/go-course-ms-chat-server/internal/app/service_provider.go:45.3,47.17 3 0
github.com/sparhokm/go-course-ms-chat-server/internal/app/service_provider.go:47.17,49.4 1 0
github.com/sparhokm/go-course-ms-chat-server/internal/app/service_provider.go:50.3,52.18 2 0
github.com/sparhokm/go-course-ms-chat-server/internal/app/service_provider.go:55.2,55.19 1 0
github.com/sparhokm/go-course-ms-chat-server/internal/app/service_provider.go:58.71,59.24 1 0
github.com/sparhokm/go-course-ms-chat-server/internal/app/service_provider.go:59.24,61.3 1 0
github.com/sparhokm/go-course-ms-chat-server/internal/app/service_provider.go:63.2,63.20 1 0
github.com/sparhokm/go-course-ms-chat-server/internal/app/service_provider.go:66.89,67.29 1 0
github.com/sparhokm/go-course-ms-chat-server/internal/app/service_provider.go:67.29,69.3 1 0
github.com/sparhokm/go-course-ms-chat-server/internal/app/service_provider.go:71.2,71.25 1 0
github.com/sparhokm/go-course-ms-chat-server/internal/app/service_provider.go:74.80,75.26 1 0
github.com/sparhokm/go-course-ms-chat-server/internal/app/service_provider.go:75.26,80.3 1 0
github.com/sparhokm/go-course-ms-chat-server/internal/app/service_provider.go:82.2,82.22 1 0
github.com/sparhokm/go-course-ms-chat-server/internal/app/service_provider.go:85.78,86.23 1 0
github.com/sparhokm/go-course-ms-chat-server/internal/app/service_provider.go:86.23,88.3 1 0
github.com/sparhokm/go-course-ms-chat-server/internal/app/service_provider.go:90.2,90.19 1 0
github.com/sparhokm/go-course-ms-chat-server/internal/app/service_provider.go:93.58,95.2 1 0
github.com/sparhokm/go-course-ms-chat-server/internal/closer/closer.go:13.29,15.2 1 0
github.com/sparhokm/go-course-ms-chat-server/internal/closer/closer.go:18.13,20.2 1 0
github.com/sparhokm/go-course-ms-chat-server/internal/closer/closer.go:23.17,25.2 1 0
github.com/sparhokm/go-course-ms-chat-server/internal/closer/closer.go:36.36,38.18 2 0
github.com/sparhokm/go-course-ms-chat-server/internal/closer/closer.go:38.18,39.13 1 0
github.com/sparhokm/go-course-ms-chat-server/internal/closer/closer.go:39.13,45.4 5 0
github.com/sparhokm/go-course-ms-chat-server/internal/closer/closer.go:47.2,47.10 1 0
github.com/sparhokm/go-course-ms-chat-server/internal/closer/closer.go:51.41,55.2 3 0
github.com/sparhokm/go-course-ms-chat-server/internal/closer/closer.go:58.25,60.2 1 0
github.com/sparhokm/go-course-ms-chat-server/internal/closer/closer.go:63.29,64.19 1 0
github.com/sparhokm/go-course-ms-chat-server/internal/closer/closer.go:64.19,74.27 7 0
github.com/sparhokm/go-course-ms-chat-server/internal/closer/closer.go:74.27,75.28 1 0
github.com/sparhokm/go-course-ms-chat-server/internal/closer/closer.go:75.28,77.5 1 0
github.com/sparhokm/go-course-ms-chat-server/internal/closer/closer.go:80.3,80.34 1 0
github.com/sparhokm/go-course-ms-chat-server/internal/closer/closer.go:80.34,81.33 1 0
github.com/sparhokm/go-course-ms-chat-server/internal/closer/closer.go:81.33,83.5 1 0
github.com/sparhokm/go-course-ms-chat-server/internal/repository/chat/repository.go:23.40,25.2 1 0
github.com/sparhokm/go-course-ms-chat-server/internal/repository/chat/repository.go:27.79,35.16 3 0
github.com/sparhokm/go-course-ms-chat-server/internal/repository/chat/repository.go:35.16,37.3 1 0
github.com/sparhokm/go-course-ms-chat-server/internal/repository/chat/repository.go:38.2,40.16 3 0
github.com/sparhokm/go-course-ms-chat-server/internal/repository/chat/repository.go:40.16,42.3 1 0
github.com/sparhokm/go-course-ms-chat-server/internal/repository/chat/repository.go:44.2,44.16 1 0
github.com/sparhokm/go-course-ms-chat-server/internal/repository/chat/repository.go:47.60,53.16 3 0
github.com/sparhokm/go-course-ms-chat-server/internal/repository/chat/repository.go:53.16,55.3 1 0
github.com/sparhokm/go-course-ms-chat-server/internal/repository/chat/repository.go:57.2,58.16 2 0
github.com/sparhokm/go-course-ms-chat-server/internal/repository/chat/repository.go:58.16,60.3 1 0
github.com/sparhokm/go-course-ms-chat-server/internal/repository/chat/repository.go:62.2,62.12 1 0
github.com/sparhokm/go-course-ms-chat-server/internal/service/chat/create.go:7.79,9.16 2 0
github.com/sparhokm/go-course-ms-chat-server/internal/service/chat/create.go:9.16,11.3 1 0
github.com/sparhokm/go-course-ms-chat-server/internal/service/chat/create.go:13.2,13.16 1 0
github.com/sparhokm/go-course-ms-chat-server/internal/service/chat/delete.go:7.60,9.2 1 0
github.com/sparhokm/go-course-ms-chat-server/internal/service/chat/service.go:17.23,22.2 1 0
